# JRE version: OpenJDK Runtime Environment Temurin-21.0.10+7 (21.0.10+7) (build 21.0.10+7-LTS)
# Java VM: OpenJDK 64-Bit Server VM Temurin-21.0.10+7 (21.0.10+7-LTS, mixed mode, sharing, tiered, compressed oops, compressed class ptrs, parallel gc, windows-amd64)
GC Precious Log:
 CardTable entry size: 512
 CPUs: 8 total, 8 available
 Memory: 5877M
 Large Page Support: Disabled
 NUMA Support: Disabled
 Compressed Oops: Enabled (32-bit)
 Alignments: Space 512K, Generation 512K, Heap 2M
 Heap Min Capacity: 100M
 Heap Initial Capacity: 100M
 Heap Max Capacity: 2G
 Pre-touch: Disabled
 Parallel Workers: 8
Heap:
 PSYoungGen      total 3584K, used 1622K [0x00000000d5580000, 0x00000000d5a00000, 0x0000000100000000)
  eden space 3072K, 45% used [0x00000000d5580000,0x00000000d56dd838,0x00000000d5880000)
  from space 512K, 43% used [0x00000000d5980000,0x00000000d59b8000,0x00000000d5a00000)
  to   space 512K, 0% used [0x00000000d5900000,0x00000000d5900000,0x00000000d5980000)
 ParOldGen       total 837632K, used 263455K [0x0000000080000000, 0x00000000b3200000, 0x00000000d5580000)
  object space 837632K, 31% used [0x0000000080000000,0x0000000090147e58,0x00000000b3200000)
 Metaspace       used 81822K, committed 83392K, reserved 1179648K
  class space    used 8437K, committed 9152K, reserved 1048576K
GC Heap History (20 events):
Event: 461.152 GC heap before
{Heap before GC invocations=1229 (full 4):
 PSYoungGen      total 3584K, used 3392K [0x00000000d5580000, 0x00000000d5a00000, 0x0000000100000000)
  eden space 3072K, 100% used [0x00000000d5580000,0x00000000d5880000,0x00000000d5880000)
  from space 512K, 62% used [0x00000000d5980000,0x00000000d59d0000,0x00000000d5a00000)
  to   space 512K, 0% used [0x00000000d5900000,0x00000000d5900000,0x00000000d5980000)
 ParOldGen       total 837632K, used 229765K [0x0000000080000000, 0x00000000b3200000, 0x00000000d5580000)
  object space 837632K, 27% used [0x0000000080000000,0x000000008e061758,0x00000000b3200000)
 Metaspace       used 81667K, committed 83200K, reserved 1179648K
  class space    used 8435K, committed 9152K, reserved 1048576K
}
Event: 461.156 GC heap after
{Heap after GC invocations=1229 (full 4):
 PSYoungGen      total 3584K, used 506K [0x00000000d5580000, 0x00000000d5a80000, 0x0000000100000000)
  eden space 3072K, 0% used [0x00000000d5580000,0x00000000d5580000,0x00000000d5880000)
  from space 512K, 98% used [0x00000000d5900000,0x00000000d597e900,0x00000000d5980000)
  to   space 1024K, 0% used [0x00000000d5980000,0x00000000d5980000,0x00000000d5a80000)
 ParOldGen       total 837632K, used 230056K [0x0000000080000000, 0x00000000b3200000, 0x00000000d5580000)
  object space 837632K, 27% used [0x0000000080000000,0x000000008e0aa078,0x00000000b3200000)
 Metaspace       used 81667K, committed 83200K, reserved 1179648K
  class space    used 8435K, committed 9152K, reserved 1048576K
}
Event: 461.179 GC heap before
{Heap before GC invocations=1230 (full 4):
 PSYoungGen      total 3584K, used 3578K [0x00000000d5580000, 0x00000000d5a80000, 0x0000000100000000)
  eden space 3072K, 100% used [0x00000000d5580000,0x00000000d5880000,0x00000000d5880000)
  from space 512K, 98% used [0x00000000d5900000,0x00000000d597e900,0x00000000d5980000)
  to   space 1024K, 0% used [0x00000000d5980000,0x00000000d5980000,0x00000000d5a80000)
 ParOldGen       total 837632K, used 230056K [0x0000000080000000, 0x00000000b3200000, 0x00000000d5580000)
  object space 837632K, 27% used [0x0000000080000000,0x000000008e0aa078,0x00000000b3200000)
 Metaspace       used 81669K, committed 83200K, reserved 1179648K
  class space    used 8435K, committed 9152K, reserved 1048576K
}
Event: 461.183 GC heap after
{Heap after GC invocations=1230 (full 4):
 PSYoungGen      total 4096K, used 384K [0x00000000d5580000, 0x00000000d5a80000, 0x0000000100000000)
  eden space 3072K, 0% used [0x00000000d5580000,0x00000000d5580000,0x00000000d5880000)
  from space 1024K, 37% used [0x00000000d5980000,0x00000000d59e0000,0x00000000d5a80000)
  to   space 1024K, 0% used [0x00000000d5880000,0x00000000d5880000,0x00000000d5980000)
 ParOldGen       total 837632K, used 230578K [0x0000000080000000, 0x00000000b3200000, 0x00000000d5580000)
  object space 837632K, 27% used [0x0000000080000000,0x000000008e12c988,0x00000000b3200000)
 Metaspace       used 81669K, committed 83200K, reserved 1179648K
  class space    used 8435K, committed 9152K, reserved 1048576K
}
Event: 461.222 GC heap before
{Heap before GC invocations=1231 (full 4):
 PSYoungGen      total 4096K, used 3456K [0x00000000d5580000, 0x00000000d5a80000, 0x0000000100000000)
  eden space 3072K, 100% used [0x00000000d5580000,0x00000000d5880000,0x00000000d5880000)
  from space 1024K, 37% used [0x00000000d5980000,0x00000000d59e0000,0x00000000d5a80000)
  to   space 1024K, 0% used [0x00000000d5880000,0x00000000d5880000,0x00000000d5980000)
 ParOldGen       total 837632K, used 230578K [0x0000000080000000, 0x00000000b3200000, 0x00000000d5580000)
  object space 837632K, 27% used [0x0000000080000000,0x000000008e12c988,0x00000000b3200000)
 Metaspace       used 81671K, committed 83200K, reserved 1179648K
  class space    used 8435K, committed 9152K, reserved 1048576K
}
Event: 461.225 GC heap after
{Heap after GC invocations=1231 (full 4):
 PSYoungGen      total 4096K, used 538K [0x00000000d5580000, 0x00000000d5a80000, 0x0000000100000000)
  eden space 3072K, 0% used [0x00000000d5580000,0x00000000d5580000,0x00000000d5880000)
  from space 1024K, 52% used [0x00000000d5880000,0x00000000d5906900,0x00000000d5980000)
  to   space 1024K, 0% used [0x00000000d5980000,0x00000000d5980000,0x00000000d5a80000)
 ParOldGen       total 837632K, used 230794K [0x0000000080000000, 0x00000000b3200000, 0x00000000d5580000)
  object space 837632K, 27% used [0x0000000080000000,0x000000008e162998,0x00000000b3200000)
 Metaspace       used 81671K, committed 83200K, reserved 1179648K
  class space    used 8435K, committed 9152K, reserved 1048576K
}
Event: 461.289 GC heap before
{Heap before GC invocations=1232 (full 4):
 PSYoungGen      total 4096K, used 3610K [0x00000000d5580000, 0x00000000d5a80000, 0x0000000100000000)
  eden space 3072K, 100% used [0x00000000d5580000,0x00000000d5880000,0x00000000d5880000)
  from space 1024K, 52% used [0x00000000d5880000,0x00000000d5906900,0x00000000d5980000)
  to   space 1024K, 0% used [0x00000000d5980000,0x00000000d5980000,0x00000000d5a80000)
 ParOldGen       total 837632K, used 230794K [0x0000000080000000, 0x00000000b3200000, 0x00000000d5580000)
  object space 837632K, 27% used [0x0000000080000000,0x000000008e162998,0x00000000b3200000)
 Metaspace       used 81673K, committed 83200K, reserved 1179648K
  class space    used 8435K, committed 9152K, reserved 1048576K
}
Event: 461.293 GC heap after
{Heap after GC invocations=1232 (full 4):
 PSYoungGen      total 4096K, used 608K [0x00000000d5580000, 0x00000000d5a80000, 0x0000000100000000)
  eden space 3072K, 0% used [0x00000000d5580000,0x00000000d5580000,0x00000000d5880000)
  from space 1024K, 59% used [0x00000000d5980000,0x00000000d5a18000,0x00000000d5a80000)
  to   space 1024K, 0% used [0x00000000d5880000,0x00000000d5880000,0x00000000d5980000)
 ParOldGen       total 837632K, used 231238K [0x0000000080000000, 0x00000000b3200000, 0x00000000d5580000)
  object space 837632K, 27% used [0x0000000080000000,0x000000008e1d1bb8,0x00000000b3200000)
 Metaspace       used 81673K, committed 83200K, reserved 1179648K
  class space    used 8435K, committed 9152K, reserved 1048576K
}
Event: 461.440 GC heap before
{Heap before GC invocations=1233 (full 4):
 PSYoungGen      total 4096K, used 3680K [0x00000000d5580000, 0x00000000d5a80000, 0x0000000100000000)
  eden space 3072K, 100% used [0x00000000d5580000,0x00000000d5880000,0x00000000d5880000)
  from space 1024K, 59% used [0x00000000d5980000,0x00000000d5a18000,0x00000000d5a80000)
  to   space 1024K, 0% used [0x00000000d5880000,0x00000000d5880000,0x00000000d5980000)
 ParOldGen       total 837632K, used 231238K [0x0000000080000000, 0x00000000b3200000, 0x00000000d5580000)
  object space 837632K, 27% used [0x0000000080000000,0x000000008e1d1bb8,0x00000000b3200000)
 Metaspace       used 81718K, committed 83200K, reserved 1179648K
  class space    used 8435K, committed 9152K, reserved 1048576K
}
Event: 461.447 GC heap after
{Heap after GC invocations=1233 (full 4):
 PSYoungGen      total 4096K, used 692K [0x00000000d5580000, 0x00000000d5a80000, 0x0000000100000000)
  eden space 3072K, 0% used [0x00000000d5580000,0x00000000d5580000,0x00000000d5880000)
  from space 1024K, 67% used [0x00000000d5880000,0x00000000d592d200,0x00000000d5980000)
  to   space 1024K, 0% used [0x00000000d5980000,0x00000000d5980000,0x00000000d5a80000)
 ParOldGen       total 837632K, used 231706K [0x0000000080000000, 0x00000000b3200000, 0x00000000d5580000)
  object space 837632K, 27% used [0x0000000080000000,0x000000008e246bc8,0x00000000b3200000)
 Metaspace       used 81718K, committed 83200K, reserved 1179648K
  class space    used 8435K, committed 9152K, reserved 1048576K
}
Event: 461.611 GC heap before
{Heap before GC invocations=1234 (full 4):
 PSYoungGen      total 4096K, used 3764K [0x00000000d5580000, 0x00000000d5a80000, 0x0000000100000000)
  eden space 3072K, 100% used [0x00000000d5580000,0x00000000d5880000,0x00000000d5880000)
  from space 1024K, 67% used [0x00000000d5880000,0x00000000d592d200,0x00000000d5980000)
  to   space 1024K, 0% used [0x00000000d5980000,0x00000000d5980000,0x00000000d5a80000)
 ParOldGen       total 837632K, used 231706K [0x0000000080000000, 0x00000000b3200000, 0x00000000d5580000)
  object space 837632K, 27% used [0x0000000080000000,0x000000008e246bc8,0x00000000b3200000)
 Metaspace       used 81737K, committed 83264K, reserved 1179648K
  class space    used 8436K, committed 9152K, reserved 1048576K
}
Event: 461.616 GC heap after
{Heap after GC invocations=1234 (full 4):
 PSYoungGen      total 4096K, used 650K [0x00000000d5580000, 0x00000000d5a80000, 0x0000000100000000)
  eden space 3072K, 0% used [0x00000000d5580000,0x00000000d5580000,0x00000000d5880000)
  from space 1024K, 63% used [0x00000000d5980000,0x00000000d5a22910,0x00000000d5a80000)
  to   space 1024K, 0% used [0x00000000d5880000,0x00000000d5880000,0x00000000d5980000)
 ParOldGen       total 837632K, used 232271K [0x0000000080000000, 0x00000000b3200000, 0x00000000d5580000)
  object space 837632K, 27% used [0x0000000080000000,0x000000008e2d3df8,0x00000000b3200000)
 Metaspace       used 81737K, committed 83264K, reserved 1179648K
  class space    used 8436K, committed 9152K, reserved 1048576K
}
Event: 461.705 GC heap before
{Heap before GC invocations=1235 (full 4):
 PSYoungGen      total 4096K, used 3722K [0x00000000d5580000, 0x00000000d5a80000, 0x0000000100000000)
  eden space 3072K, 100% used [0x00000000d5580000,0x00000000d5880000,0x00000000d5880000)
  from space 1024K, 63% used [0x00000000d5980000,0x00000000d5a22910,0x00000000d5a80000)
  to   space 1024K, 0% used [0x00000000d5880000,0x00000000d5880000,0x00000000d5980000)
 ParOldGen       total 837632K, used 232271K [0x0000000080000000, 0x00000000b3200000, 0x00000000d5580000)
  object space 837632K, 27% used [0x0000000080000000,0x000000008e2d3df8,0x00000000b3200000)
 Metaspace       used 81747K, committed 83264K, reserved 1179648K
  class space    used 8436K, committed 9152K, reserved 1048576K
}
Event: 461.709 GC heap after
{Heap after GC invocations=1235 (full 4):
 PSYoungGen      total 4096K, used 420K [0x00000000d5580000, 0x00000000d5a00000, 0x0000000100000000)
  eden space 3072K, 0% used [0x00000000d5580000,0x00000000d5580000,0x00000000d5880000)
  from space 1024K, 41% used [0x00000000d5880000,0x00000000d58e9210,0x00000000d5980000)
  to   space 512K, 0% used [0x00000000d5980000,0x00000000d5980000,0x00000000d5a00000)
 ParOldGen       total 837632K, used 232535K [0x0000000080000000, 0x00000000b3200000, 0x00000000d5580000)
  object space 837632K, 27% used [0x0000000080000000,0x000000008e315df8,0x00000000b3200000)
 Metaspace       used 81747K, committed 83264K, reserved 1179648K
  class space    used 8436K, committed 9152K, reserved 1048576K
}
Event: 780.064 GC heap before
{Heap before GC invocations=1236 (full 4):
 PSYoungGen      total 4096K, used 3492K [0x00000000d5580000, 0x00000000d5a00000, 0x0000000100000000)
  eden space 3072K, 100% used [0x00000000d5580000,0x00000000d5880000,0x00000000d5880000)
  from space 1024K, 41% used [0x00000000d5880000,0x00000000d58e9210,0x00000000d5980000)
  to   space 512K, 0% used [0x00000000d5980000,0x00000000d5980000,0x00000000d5a00000)
 ParOldGen       total 837632K, used 232535K [0x0000000080000000, 0x00000000b3200000, 0x00000000d5580000)
  object space 837632K, 27% used [0x0000000080000000,0x000000008e315df8,0x00000000b3200000)
 Metaspace       used 81756K, committed 83264K, reserved 1179648K
  class space    used 8436K, committed 9152K, reserved 1048576K
}
Event: 780.166 GC heap after
{Heap after GC invocations=1236 (full 4):
 PSYoungGen      total 3584K, used 192K [0x00000000d5580000, 0x00000000d5a00000, 0x0000000100000000)
  eden space 3072K, 0% used [0x00000000d5580000,0x00000000d5580000,0x00000000d5880000)
  from space 512K, 37% used [0x00000000d5980000,0x00000000d59b0000,0x00000000d5a00000)
  to   space 512K, 0% used [0x00000000d5900000,0x00000000d5900000,0x00000000d5980000)
 ParOldGen       total 837632K, used 232543K [0x0000000080000000, 0x00000000b3200000, 0x00000000d5580000)
  object space 837632K, 27% used [0x0000000080000000,0x000000008e317df8,0x00000000b3200000)
 Metaspace       used 81756K, committed 83264K, reserved 1179648K
  class space    used 8436K, committed 9152K, reserved 1048576K
}
Event: 962.749 GC heap before
{Heap before GC invocations=1237 (full 4):
 PSYoungGen      total 3584K, used 3263K [0x00000000d5580000, 0x00000000d5a00000, 0x0000000100000000)
  eden space 3072K, 99% used [0x00000000d5580000,0x00000000d587ffc0,0x00000000d5880000)
  from space 512K, 37% used [0x00000000d5980000,0x00000000d59b0000,0x00000000d5a00000)
  to   space 512K, 0% used [0x00000000d5900000,0x00000000d5900000,0x00000000d5980000)
 ParOldGen       total 837632K, used 232543K [0x0000000080000000, 0x00000000b3200000, 0x00000000d5580000)
  object space 837632K, 27% used [0x0000000080000000,0x000000008e317df8,0x00000000b3200000)
 Metaspace       used 81775K, committed 83328K, reserved 1179648K
  class space    used 8436K, committed 9152K, reserved 1048576K
}
Event: 962.824 GC heap after
{Heap after GC invocations=1237 (full 4):
 PSYoungGen      total 3584K, used 416K [0x00000000d5580000, 0x00000000d5a00000, 0x0000000100000000)
  eden space 3072K, 0% used [0x00000000d5580000,0x00000000d5580000,0x00000000d5880000)
  from space 512K, 81% used [0x00000000d5900000,0x00000000d5968020,0x00000000d5980000)
  to   space 512K, 0% used [0x00000000d5980000,0x00000000d5980000,0x00000000d5a00000)
 ParOldGen       total 837632K, used 232575K [0x0000000080000000, 0x00000000b3200000, 0x00000000d5580000)
  object space 837632K, 27% used [0x0000000080000000,0x000000008e31fdf8,0x00000000b3200000)
 Metaspace       used 81775K, committed 83328K, reserved 1179648K
  class space    used 8436K, committed 9152K, reserved 1048576K
}
Event: 1262.891 GC heap before
{Heap before GC invocations=1238 (full 4):
 PSYoungGen      total 3584K, used 3488K [0x00000000d5580000, 0x00000000d5a00000, 0x0000000100000000)
  eden space 3072K, 100% used [0x00000000d5580000,0x00000000d5880000,0x00000000d5880000)
  from space 512K, 81% used [0x00000000d5900000,0x00000000d5968020,0x00000000d5980000)
  to   space 512K, 0% used [0x00000000d5980000,0x00000000d5980000,0x00000000d5a00000)
 ParOldGen       total 837632K, used 263295K [0x0000000080000000, 0x00000000b3200000, 0x00000000d5580000)
  object space 837632K, 31% used [0x0000000080000000,0x000000009011fe28,0x00000000b3200000)
 Metaspace       used 81812K, committed 83392K, reserved 1179648K
  class space    used 8437K, committed 9152K, reserved 1048576K
}
Event: 1262.992 GC heap after
{Heap after GC invocations=1238 (full 4):
 PSYoungGen      total 3584K, used 224K [0x00000000d5580000, 0x00000000d5a00000, 0x0000000100000000)
  eden space 3072K, 0% used [0x00000000d5580000,0x00000000d5580000,0x00000000d5880000)
  from space 512K, 43% used [0x00000000d5980000,0x00000000d59b8000,0x00000000d5a00000)
  to   space 512K, 0% used [0x00000000d5900000,0x00000000d5900000,0x00000000d5980000)
 ParOldGen       total 837632K, used 263455K [0x0000000080000000, 0x00000000b3200000, 0x00000000d5580000)
  object space 837632K, 31% used [0x0000000080000000,0x0000000090147e58,0x00000000b3200000)
 Metaspace       used 81812K, committed 83392K, reserved 1179648K
  class space    used 8437K, committed 9152K, reserved 1048576K
}

